# JRE version: Java(TM) SE Runtime Environment (8.0_91-b14) (build 1.8.0_91-b14)
# Java VM: Java HotSpot(TM) 64-Bit Server VM (25.91-b14 mixed mode windows-amd64 compressed oops)
Heap:
 PSYoungGen      total 4395008K, used 366330K [0x0000000695580000, 0x00000007c0000000, 0x00000007c0000000)
  eden space 4110848K, 2% used [0x0000000695580000,0x000000069a5ca448,0x0000000790400000)
  from space 284160K, 99% used [0x0000000790400000,0x00000007a1974730,0x00000007a1980000)
  to   space 417792K, 0% used [0x00000007a6800000,0x00000007a6800000,0x00000007c0000000)
 ParOldGen       total 2149376K, used 1211863K [0x0000000440000000, 0x00000004c3300000, 0x0000000695580000)
  object space 2149376K, 56% used [0x0000000440000000,0x0000000489f75d28,0x00000004c3300000)
 Metaspace       used 34692K, capacity 36008K, committed 36096K, reserved 1081344K
  class space    used 3792K, capacity 4077K, committed 4096K, reserved 1048576K
GC Heap History (10 events):
Event: 3299.509 GC heap before
{Heap before GC invocations=704 (full 11):
 PSYoungGen      total 4604928K, used 4542287K [0x0000000695580000, 0x00000007c0000000, 0x00000007c0000000)
  eden space 4365824K, 100% used [0x0000000695580000,0x000000079fd00000,0x000000079fd00000)
  from space 239104K, 73% used [0x00000007b1680000,0x00000007bc2d3fc8,0x00000007c0000000)
  to   space 263680K, 0% used [0x000000079fd00000,0x000000079fd00000,0x00000007afe80000)
 ParOldGen       total 2149376K, used 1067261K [0x0000000440000000, 0x00000004c3300000, 0x0000000695580000)
  object space 2149376K, 49% used [0x0000000440000000,0x000000048123f6e8,0x00000004c3300000)
 Metaspace       used 34678K, capacity 36008K, committed 36096K, reserved 1081344K
  class space    used 3792K, capacity 4077K, committed 4096K, reserved 1048576K
Event: 3299.580 GC heap after
Heap after GC invocations=704 (full 11):
 PSYoungGen      total 4529664K, used 163406K [0x0000000695580000, 0x00000007c0000000, 0x00000007c0000000)
  eden space 4365824K, 0% used [0x0000000695580000,0x0000000695580000,0x000000079fd00000)
  from space 163840K, 99% used [0x000000079fd00000,0x00000007a9c93838,0x00000007a9d00000)
  to   space 272384K, 0% used [0x00000007af600000,0x00000007af600000,0x00000007c0000000)
 ParOldGen       total 2149376K, used 1067261K [0x0000000440000000, 0x00000004c3300000, 0x0000000695580000)
  object space 2149376K, 49% used [0x0000000440000000,0x000000048123f6e8,0x00000004c3300000)
 Metaspace       used 34678K, capacity 36008K, committed 36096K, reserved 1081344K
  class space    used 3792K, capacity 4077K, committed 4096K, reserved 1048576K
}
Event: 3303.115 GC heap before
{Heap before GC invocations=705 (full 11):
 PSYoungGen      total 4529664K, used 4529230K [0x0000000695580000, 0x00000007c0000000, 0x00000007c0000000)
  eden space 4365824K, 100% used [0x0000000695580000,0x000000079fd00000,0x000000079fd00000)
  from space 163840K, 99% used [0x000000079fd00000,0x00000007a9c93838,0x00000007a9d00000)
  to   space 272384K, 0% used [0x00000007af600000,0x00000007af600000,0x00000007c0000000)
 ParOldGen       total 2149376K, used 1067261K [0x0000000440000000, 0x00000004c3300000, 0x0000000695580000)
  object space 2149376K, 49% used [0x0000000440000000,0x000000048123f6e8,0x00000004c3300000)
 Metaspace       used 34678K, capacity 36008K, committed 36096K, reserved 1081344K
  class space    used 3792K, capacity 4077K, committed 4096K, reserved 1048576K
Event: 3303.181 GC heap after
Heap after GC invocations=705 (full 11):
 PSYoungGen      total 4605440K, used 166958K [0x0000000695580000, 0x00000007c0000000, 0x00000007c0000000)
  eden space 4333056K, 0% used [0x0000000695580000,0x0000000695580000,0x000000079dd00000)
  from space 272384K, 61% used [0x00000007af600000,0x00000007b990b828,0x00000007c0000000)
  to   space 280064K, 0% used [0x000000079dd00000,0x000000079dd00000,0x00000007aee80000)
 ParOldGen       total 2149376K, used 1067261K [0x0000000440000000, 0x00000004c3300000, 0x0000000695580000)
  object space 2149376K, 49% used [0x0000000440000000,0x000000048123f6e8,0x00000004c3300000)
 Metaspace       used 34678K, capacity 36008K, committed 36096K, reserved 1081344K
  class space    used 3792K, capacity 4077K, committed 4096K, reserved 1048576K
}
Event: 3308.931 GC heap before
{Heap before GC invocations=706 (full 11):
 PSYoungGen      total 4605440K, used 4500014K [0x0000000695580000, 0x00000007c0000000, 0x00000007c0000000)
  eden space 4333056K, 100% used [0x0000000695580000,0x000000079dd00000,0x000000079dd00000)
  from space 272384K, 61% used [0x00000007af600000,0x00000007b990b828,0x00000007c0000000)
  to   space 280064K, 0% used [0x000000079dd00000,0x000000079dd00000,0x00000007aee80000)
 ParOldGen       total 2149376K, used 1067261K [0x0000000440000000, 0x00000004c3300000, 0x0000000695580000)
  object space 2149376K, 49% used [0x0000000440000000,0x000000048123f6e8,0x00000004c3300000)
 Metaspace       used 34692K, capacity 36008K, committed 36096K, reserved 1081344K
  class space    used 3792K, capacity 4077K, committed 4096K, reserved 1048576K
Event: 3309.079 GC heap after
Heap after GC invocations=706 (full 11):
 PSYoungGen      total 4609536K, used 276178K [0x0000000695580000, 0x00000007c0000000, 0x00000007c0000000)
  eden space 4333056K, 0% used [0x0000000695580000,0x0000000695580000,0x000000079dd00000)
  from space 276480K, 99% used [0x000000079dd00000,0x00000007aeab4a68,0x00000007aeb00000)
  to   space 283648K, 0% used [0x00000007aeb00000,0x00000007aeb00000,0x00000007c0000000)
 ParOldGen       total 2149376K, used 1067269K [0x0000000440000000, 0x00000004c3300000, 0x0000000695580000)
  object space 2149376K, 49% used [0x0000000440000000,0x00000004812416e8,0x00000004c3300000)
 Metaspace       used 34692K, capacity 36008K, committed 36096K, reserved 1081344K
  class space    used 3792K, capacity 4077K, committed 4096K, reserved 1048576K
}
Event: 3328.905 GC heap before
{Heap before GC invocations=707 (full 11):
 PSYoungGen      total 4609536K, used 4609234K [0x0000000695580000, 0x00000007c0000000, 0x00000007c0000000)
  eden space 4333056K, 100% used [0x0000000695580000,0x000000079dd00000,0x000000079dd00000)
  from space 276480K, 99% used [0x000000079dd00000,0x00000007aeab4a68,0x00000007aeb00000)
  to   space 283648K, 0% used [0x00000007aeb00000,0x00000007aeb00000,0x00000007c0000000)
 ParOldGen       total 2149376K, used 1067269K [0x0000000440000000, 0x00000004c3300000, 0x0000000695580000)
  object space 2149376K, 49% used [0x0000000440000000,0x00000004812416e8,0x00000004c3300000)
 Metaspace       used 34692K, capacity 36008K, committed 36096K, reserved 1081344K
  class space    used 3792K, capacity 4077K, committed 4096K, reserved 1048576K
Event: 3329.129 GC heap after
Heap after GC invocations=707 (full 11):
 PSYoungGen      total 4394496K, used 283617K [0x0000000695580000, 0x00000007c0000000, 0x00000007c0000000)
  eden space 4110848K, 0% used [0x0000000695580000,0x0000000695580000,0x0000000790400000)
  from space 283648K, 99% used [0x00000007aeb00000,0x00000007bfff8588,0x00000007c0000000)
  to   space 391168K, 0% used [0x0000000790400000,0x0000000790400000,0x00000007a8200000)
 ParOldGen       total 2149376K, used 1140125K [0x0000000440000000, 0x00000004c3300000, 0x0000000695580000)
  object space 2149376K, 53% used [0x0000000440000000,0x00000004859677e0,0x00000004c3300000)
 Metaspace       used 34692K, capacity 36008K, committed 36096K, reserved 1081344K
  class space    used 3792K, capacity 4077K, committed 4096K, reserved 1048576K
}
Event: 3347.955 GC heap before
{Heap before GC invocations=708 (full 11):
 PSYoungGen      total 4394496K, used 4394465K [0x0000000695580000, 0x00000007c0000000, 0x00000007c0000000)
  eden space 4110848K, 100% used [0x0000000695580000,0x0000000790400000,0x0000000790400000)
  from space 283648K, 99% used [0x00000007aeb00000,0x00000007bfff8588,0x00000007c0000000)
  to   space 391168K, 0% used [0x0000000790400000,0x0000000790400000,0x00000007a8200000)
 ParOldGen       total 2149376K, used 1140125K [0x0000000440000000, 0x00000004c3300000, 0x0000000695580000)
  object space 2149376K, 53% used [0x0000000440000000,0x00000004859677e0,0x00000004c3300000)
 Metaspace       used 34692K, capacity 36008K, committed 36096K, reserved 1081344K
  class space    used 3792K, capacity 4077K, committed 4096K, reserved 1048576K
Event: 3348.175 GC heap after
Heap after GC invocations=708 (full 11):
 PSYoungGen      total 4395008K, used 284113K [0x0000000695580000, 0x00000007c0000000, 0x00000007c0000000)
  eden space 4110848K, 0% used [0x0000000695580000,0x0000000695580000,0x0000000790400000)
  from space 284160K, 99% used [0x0000000790400000,0x00000007a1974730,0x00000007a1980000)
  to   space 417792K, 0% used [0x00000007a6800000,0x00000007a6800000,0x00000007c0000000)
 ParOldGen       total 2149376K, used 1211863K [0x0000000440000000, 0x00000004c3300000, 0x0000000695580000)
  object space 2149376K, 56% used [0x0000000440000000,0x0000000489f75d28,0x00000004c3300000)
 Metaspace       used 34692K, capacity 36008K, committed 36096K, reserved 1081344K
  class space    used 3792K, capacity 4077K, committed 4096K, reserved 1048576K
}

